Flow report for vga_rom_top
Sat Oct 02 01:42:59 2021
Quartus II 64-Bit Version 13.1.0 Build 162 10/23/2013 SJ Full Version


---------------------
; Table of Contents ;
---------------------
  1. Legal Notice
  2. Flow Summary
  3. Flow Settings
  4. Flow Non-Default Global Settings
  5. Flow Elapsed Time
  6. Flow OS Summary
  7. Flow Log
  8. Flow Messages
  9. Flow Suppressed Messages



----------------
; Legal Notice ;
----------------
Copyright (C) 1991-2013 Altera Corporation
Your use of Altera Corporation's design tools, logic functions 
and other software and tools, and its AMPP partner logic 
functions, and any output files from any of the foregoing 
(including device programming or simulation files), and any 
associated documentation or information are expressly subject 
to the terms and conditions of the Altera Program License 
Subscription Agreement, Altera MegaCore Function License 
Agreement, or other applicable license agreement, including, 
without limitation, that your use is for the sole purpose of 
programming logic devices manufactured by Altera and sold by 
Altera or its authorized distributors.  Please refer to the 
applicable agreement for further details.



+----------------------------------------------------------------------------------+
; Flow Summary                                                                     ;
+------------------------------------+---------------------------------------------+
; Flow Status                        ; Successful - Sat Oct 02 01:42:53 2021       ;
; Quartus II 64-Bit Version          ; 13.1.0 Build 162 10/23/2013 SJ Full Version ;
; Revision Name                      ; vga_rom_top                                 ;
; Top-level Entity Name              ; vga_rom_top                                 ;
; Family                             ; Cyclone IV E                                ;
; Device                             ; EP4CE10F17C8                                ;
; Timing Models                      ; Final                                       ;
; Total logic elements               ; 131 / 10,320 ( 1 % )                        ;
;     Total combinational functions  ; 130 / 10,320 ( 1 % )                        ;
;     Dedicated logic registers      ; 40 / 10,320 ( < 1 % )                       ;
; Total registers                    ; 40                                          ;
; Total pins                         ; 30 / 180 ( 17 % )                           ;
; Total virtual pins                 ; 0                                           ;
; Total memory bits                  ; 240,576 / 423,936 ( 57 % )                  ;
; Embedded Multiplier 9-bit elements ; 0 / 46 ( 0 % )                              ;
; Total PLLs                         ; 1 / 2 ( 50 % )                              ;
+------------------------------------+---------------------------------------------+


+-----------------------------------------+
; Flow Settings                           ;
+-------------------+---------------------+
; Option            ; Setting             ;
+-------------------+---------------------+
; Start date & time ; 10/02/2021 01:42:32 ;
; Main task         ; Compilation         ;
; Revision Name     ; vga_rom_top         ;
+-------------------+---------------------+


+---------------------------------------------------------------------------------------------------------------+
; Flow Non-Default Global Settings                                                                              ;
+-------------------------------------+------------------------------+---------------+-------------+------------+
; Assignment Name                     ; Value                        ; Default Value ; Entity Name ; Section Id ;
+-------------------------------------+------------------------------+---------------+-------------+------------+
; COMPILER_SIGNATURE_ID               ; 345052807169.163311015106220 ; --            ; --          ; --         ;
; ENABLE_SIGNALTAP                    ; On                           ; --            ; --          ; --         ;
; IP_TOOL_NAME                        ; ALTPLL                       ; --            ; --          ; --         ;
; IP_TOOL_NAME                        ; ROM: 1-PORT                  ; --            ; --          ; --         ;
; IP_TOOL_VERSION                     ; 13.1                         ; --            ; --          ; --         ;
; IP_TOOL_VERSION                     ; 13.1                         ; --            ; --          ; --         ;
; MAX_CORE_JUNCTION_TEMP              ; 85                           ; --            ; --          ; --         ;
; MIN_CORE_JUNCTION_TEMP              ; 0                            ; --            ; --          ; --         ;
; MISC_FILE                           ; IP_core/pll/PLL_bb.v         ; --            ; --          ; --         ;
; MISC_FILE                           ; IP_core/pll/PLL.ppf          ; --            ; --          ; --         ;
; MISC_FILE                           ; IP_core/rom/rom_bb.v         ; --            ; --          ; --         ;
; PARTITION_COLOR                     ; 16764057                     ; --            ; --          ; Top        ;
; PARTITION_FITTER_PRESERVATION_LEVEL ; PLACEMENT_AND_ROUTING        ; --            ; --          ; Top        ;
; PARTITION_NETLIST_TYPE              ; SOURCE                       ; --            ; --          ; Top        ;
; PROJECT_OUTPUT_DIRECTORY            ; output_files                 ; --            ; --          ; --         ;
; USE_SIGNALTAP_FILE                  ; output_files/stp1.stp        ; --            ; --          ; --         ;
+-------------------------------------+------------------------------+---------------+-------------+------------+


+-------------------------------------------------------------------------------------------------------------------------------+
; Flow Elapsed Time                                                                                                             ;
+---------------------------+--------------+-------------------------+---------------------+------------------------------------+
; Module Name               ; Elapsed Time ; Average Processors Used ; Peak Virtual Memory ; Total CPU Time (on all processors) ;
+---------------------------+--------------+-------------------------+---------------------+------------------------------------+
; Analysis & Synthesis      ; 00:00:05     ; 1.0                     ; 4686 MB             ; 00:00:04                           ;
; Fitter                    ; 00:00:10     ; 2.8                     ; 5768 MB             ; 00:00:13                           ;
; Assembler                 ; 00:00:03     ; 1.0                     ; 4592 MB             ; 00:00:03                           ;
; TimeQuest Timing Analyzer ; 00:00:04     ; 1.0                     ; 4726 MB             ; 00:00:05                           ;
; Total                     ; 00:00:22     ; --                      ; --                  ; 00:00:25                           ;
+---------------------------+--------------+-------------------------+---------------------+------------------------------------+


+----------------------------------------------------------------------------------------+
; Flow OS Summary                                                                        ;
+---------------------------+------------------+-----------+------------+----------------+
; Module Name               ; Machine Hostname ; OS Name   ; OS Version ; Processor type ;
+---------------------------+------------------+-----------+------------+----------------+
; Analysis & Synthesis      ; LAPTOP-L56MQ14S  ; Windows 7 ; 6.2        ; x86_64         ;
; Fitter                    ; LAPTOP-L56MQ14S  ; Windows 7 ; 6.2        ; x86_64         ;
; Assembler                 ; LAPTOP-L56MQ14S  ; Windows 7 ; 6.2        ; x86_64         ;
; TimeQuest Timing Analyzer ; LAPTOP-L56MQ14S  ; Windows 7 ; 6.2        ; x86_64         ;
+---------------------------+------------------+-----------+------------+----------------+


------------
; Flow Log ;
------------
quartus_map --read_settings_files=on --write_settings_files=off vga_rom_top -c vga_rom_top
quartus_fit --read_settings_files=off --write_settings_files=off vga_rom_top -c vga_rom_top
quartus_asm --read_settings_files=off --write_settings_files=off vga_rom_top -c vga_rom_top
quartus_sta vga_rom_top -c vga_rom_top



